<?xml version="1.0" encoding="UTF-8"?>
<!-- Generated by org.testng.reporters.JUnitXMLReporter -->
<testsuite ignored="0" hostname="IT-CORES-045" failures="0" tests="6" name="End to End Test" time="55.372" errors="0" timestamp="2022-06-13T23:38:35 EET">
  <testcase classname="com.freecrm.testcases.LoginPageTestTest" name="titleTest" time="2.034"/>
  <testcase classname="com.freecrm.testcases.LoginPageTestTest" name="urlCheck" time="2.015"/>
  <testcase classname="com.freecrm.testcases.LoginPageTestTest" name="logoTest" time="2.083"/>
  <testcase classname="com.freecrm.testcases.LoginPageTestTest" name="loginTest" time="6.898"/>
  <testcase classname="com.freecrm.testcases.HomePageTest" name="clickOnPricingTest" time="4.753"/>
  <testcase classname="com.freecrm.testcases.HomePageTest" name="clickOnFeaturesTest" time="3.752"/>
</testsuite> <!-- End to End Test -->
