<?xml version="1.0" encoding="UTF-8"?>
<testng-results total="6" passed="6" failed="0" skipped="0">
  <reporter-output>
  </reporter-output>
  <suite started-at="2022-06-13T21:21:44Z" name="Free CRM Application Test" finished-at="2022-06-13T21:22:38Z" duration-ms="53784">
    <groups>
    </groups>
    <test started-at="2022-06-13T21:21:44Z" name="End to End Test" finished-at="2022-06-13T21:22:38Z" duration-ms="53784">
      <class name="com.freecrm.testcases.LoginPageTestTest">
        <test-method is-config="true" signature="setup(java.lang.String)[pri:0, instance:com.freecrm.testcases.LoginPageTestTest@792b749c]" started-at="2022-06-13T23:21:44Z" name="setup" finished-at="2022-06-13T23:21:52Z" duration-ms="7371" status="PASS">
          <params>
            <param index="0">
              <value>
                <![CDATA[chrome]]>
              </value>
            </param>
          </params>
          <reporter-output>
          </reporter-output>
        </test-method> <!-- setup -->
        <test-method signature="titleTest()[pri:0, instance:com.freecrm.testcases.LoginPageTestTest@792b749c]" started-at="2022-06-13T23:21:52Z" name="titleTest" finished-at="2022-06-13T23:21:54Z" duration-ms="2031" status="PASS">
          <reporter-output>
          </reporter-output>
        </test-method> <!-- titleTest -->
        <test-method is-config="true" signature="tearDown()[pri:0, instance:com.freecrm.testcases.LoginPageTestTest@792b749c]" started-at="2022-06-13T23:21:54Z" name="tearDown" finished-at="2022-06-13T23:21:54Z" duration-ms="214" status="PASS">
          <reporter-output>
          </reporter-output>
        </test-method> <!-- tearDown -->
        <test-method is-config="true" signature="setup(java.lang.String)[pri:0, instance:com.freecrm.testcases.LoginPageTestTest@792b749c]" started-at="2022-06-13T23:21:54Z" name="setup" finished-at="2022-06-13T23:21:58Z" duration-ms="4160" status="PASS">
          <params>
            <param index="0">
              <value>
                <![CDATA[chrome]]>
              </value>
            </param>
          </params>
          <reporter-output>
          </reporter-output>
        </test-method> <!-- setup -->
        <test-method signature="urlCheck()[pri:0, instance:com.freecrm.testcases.LoginPageTestTest@792b749c]" started-at="2022-06-13T23:21:58Z" name="urlCheck" finished-at="2022-06-13T23:22:00Z" duration-ms="2015" status="PASS">
          <reporter-output>
          </reporter-output>
        </test-method> <!-- urlCheck -->
        <test-method is-config="true" signature="tearDown()[pri:0, instance:com.freecrm.testcases.LoginPageTestTest@792b749c]" started-at="2022-06-13T23:22:00Z" name="tearDown" finished-at="2022-06-13T23:22:00Z" duration-ms="129" status="PASS">
          <reporter-output>
          </reporter-output>
        </test-method> <!-- tearDown -->
        <test-method is-config="true" signature="setup(java.lang.String)[pri:0, instance:com.freecrm.testcases.LoginPageTestTest@792b749c]" started-at="2022-06-13T23:22:00Z" name="setup" finished-at="2022-06-13T23:22:04Z" duration-ms="4164" status="PASS">
          <params>
            <param index="0">
              <value>
                <![CDATA[chrome]]>
              </value>
            </param>
          </params>
          <reporter-output>
          </reporter-output>
        </test-method> <!-- setup -->
        <test-method signature="logoTest()[pri:0, instance:com.freecrm.testcases.LoginPageTestTest@792b749c]" started-at="2022-06-13T23:22:04Z" name="logoTest" finished-at="2022-06-13T23:22:07Z" duration-ms="2148" status="PASS">
          <reporter-output>
          </reporter-output>
        </test-method> <!-- logoTest -->
        <test-method is-config="true" signature="tearDown()[pri:0, instance:com.freecrm.testcases.LoginPageTestTest@792b749c]" started-at="2022-06-13T23:22:07Z" name="tearDown" finished-at="2022-06-13T23:22:07Z" duration-ms="124" status="PASS">
          <reporter-output>
          </reporter-output>
        </test-method> <!-- tearDown -->
        <test-method is-config="true" signature="setup(java.lang.String)[pri:0, instance:com.freecrm.testcases.LoginPageTestTest@792b749c]" started-at="2022-06-13T23:22:07Z" name="setup" finished-at="2022-06-13T23:22:12Z" duration-ms="4828" status="PASS">
          <params>
            <param index="0">
              <value>
                <![CDATA[chrome]]>
              </value>
            </param>
          </params>
          <reporter-output>
          </reporter-output>
        </test-method> <!-- setup -->
        <test-method signature="loginTest()[pri:0, instance:com.freecrm.testcases.LoginPageTestTest@792b749c]" started-at="2022-06-13T23:22:12Z" name="loginTest" finished-at="2022-06-13T23:22:19Z" duration-ms="7354" status="PASS">
          <reporter-output>
          </reporter-output>
        </test-method> <!-- loginTest -->
        <test-method is-config="true" signature="tearDown()[pri:0, instance:com.freecrm.testcases.LoginPageTestTest@792b749c]" started-at="2022-06-13T23:22:19Z" name="tearDown" finished-at="2022-06-13T23:22:20Z" duration-ms="729" status="PASS">
          <reporter-output>
          </reporter-output>
        </test-method> <!-- tearDown -->
      </class> <!-- com.freecrm.testcases.LoginPageTestTest -->
      <class name="com.freecrm.testcases.HomePageTest">
        <test-method is-config="true" signature="beforeSetup(java.lang.String)[pri:0, instance:com.freecrm.testcases.HomePageTest@3e08ff24]" started-at="2022-06-13T23:22:20Z" name="beforeSetup" finished-at="2022-06-13T23:22:24Z" duration-ms="4186" status="PASS">
          <params>
            <param index="0">
              <value>
                <![CDATA[chrome]]>
              </value>
            </param>
          </params>
          <reporter-output>
          </reporter-output>
        </test-method> <!-- beforeSetup -->
        <test-method signature="clickOnPricingTest()[pri:0, instance:com.freecrm.testcases.HomePageTest@3e08ff24]" started-at="2022-06-13T23:22:24Z" name="clickOnPricingTest" finished-at="2022-06-13T23:22:29Z" duration-ms="5487" status="PASS">
          <reporter-output>
          </reporter-output>
        </test-method> <!-- clickOnPricingTest -->
        <test-method is-config="true" signature="AfterSetup()[pri:0, instance:com.freecrm.testcases.HomePageTest@3e08ff24]" started-at="2022-06-13T23:22:29Z" name="AfterSetup" finished-at="2022-06-13T23:22:29Z" duration-ms="128" status="PASS">
          <reporter-output>
          </reporter-output>
        </test-method> <!-- AfterSetup -->
        <test-method is-config="true" signature="beforeSetup(java.lang.String)[pri:0, instance:com.freecrm.testcases.HomePageTest@3e08ff24]" started-at="2022-06-13T23:22:29Z" name="beforeSetup" finished-at="2022-06-13T23:22:34Z" duration-ms="4044" status="PASS">
          <params>
            <param index="0">
              <value>
                <![CDATA[chrome]]>
              </value>
            </param>
          </params>
          <reporter-output>
          </reporter-output>
        </test-method> <!-- beforeSetup -->
        <test-method signature="clickOnFeaturesTest()[pri:0, instance:com.freecrm.testcases.HomePageTest@3e08ff24]" started-at="2022-06-13T23:22:34Z" name="clickOnFeaturesTest" finished-at="2022-06-13T23:22:38Z" duration-ms="4507" status="PASS">
          <reporter-output>
          </reporter-output>
        </test-method> <!-- clickOnFeaturesTest -->
        <test-method is-config="true" signature="AfterSetup()[pri:0, instance:com.freecrm.testcases.HomePageTest@3e08ff24]" started-at="2022-06-13T23:22:38Z" name="AfterSetup" finished-at="2022-06-13T23:22:38Z" duration-ms="154" status="PASS">
          <reporter-output>
          </reporter-output>
        </test-method> <!-- AfterSetup -->
      </class> <!-- com.freecrm.testcases.HomePageTest -->
    </test> <!-- End to End Test -->
  </suite> <!-- Free CRM Application Test -->
</testng-results>
