<?xml version="1.0" encoding="UTF-8"?>
<testng-results ignored="0" total="6" passed="6" failed="0" skipped="0">
  <reporter-output>
  </reporter-output>
  <suite started-at="2022-06-13T23:37:39 EET" name="Free CRM Application Test" finished-at="2022-06-13T23:38:35 EET" duration-ms="55372">
    <groups>
    </groups>
    <test started-at="2022-06-13T23:37:39 EET" name="End to End Test" finished-at="2022-06-13T23:38:35 EET" duration-ms="55372">
      <class name="com.freecrm.testcases.LoginPageTestTest">
        <test-method is-config="true" signature="setup(java.lang.String)[pri:0, instance:com.freecrm.testcases.LoginPageTestTest@59662a0b]" started-at="2022-06-13T23:37:39 EET" name="setup" finished-at="2022-06-13T23:37:44 EET" duration-ms="5283" status="PASS">
          <params>
            <param index="0">
              <value>
                <![CDATA[chrome]]>
              </value>
            </param>
          </params>
          <reporter-output>
          </reporter-output>
        </test-method> <!-- setup -->
        <test-method signature="titleTest()[pri:1, instance:com.freecrm.testcases.LoginPageTestTest@59662a0b]" started-at="2022-06-13T23:37:44 EET" name="titleTest" finished-at="2022-06-13T23:37:47 EET" duration-ms="2034" status="PASS">
          <reporter-output>
          </reporter-output>
        </test-method> <!-- titleTest -->
        <test-method is-config="true" signature="tearDown()[pri:0, instance:com.freecrm.testcases.LoginPageTestTest@59662a0b]" started-at="2022-06-13T23:37:47 EET" name="tearDown" finished-at="2022-06-13T23:37:47 EET" duration-ms="149" status="PASS">
          <reporter-output>
          </reporter-output>
        </test-method> <!-- tearDown -->
        <test-method is-config="true" signature="setup(java.lang.String)[pri:0, instance:com.freecrm.testcases.LoginPageTestTest@59662a0b]" started-at="2022-06-13T23:37:47 EET" name="setup" finished-at="2022-06-13T23:37:52 EET" duration-ms="5526" status="PASS">
          <params>
            <param index="0">
              <value>
                <![CDATA[chrome]]>
              </value>
            </param>
          </params>
          <reporter-output>
          </reporter-output>
        </test-method> <!-- setup -->
        <test-method signature="urlCheck()[pri:2, instance:com.freecrm.testcases.LoginPageTestTest@59662a0b]" started-at="2022-06-13T23:37:52 EET" name="urlCheck" finished-at="2022-06-13T23:37:54 EET" duration-ms="2015" status="PASS">
          <reporter-output>
          </reporter-output>
        </test-method> <!-- urlCheck -->
        <test-method is-config="true" signature="tearDown()[pri:0, instance:com.freecrm.testcases.LoginPageTestTest@59662a0b]" started-at="2022-06-13T23:37:54 EET" name="tearDown" finished-at="2022-06-13T23:37:54 EET" duration-ms="138" status="PASS">
          <reporter-output>
          </reporter-output>
        </test-method> <!-- tearDown -->
        <test-method is-config="true" signature="setup(java.lang.String)[pri:0, instance:com.freecrm.testcases.LoginPageTestTest@59662a0b]" started-at="2022-06-13T23:37:54 EET" name="setup" finished-at="2022-06-13T23:38:03 EET" duration-ms="8650" status="PASS">
          <params>
            <param index="0">
              <value>
                <![CDATA[chrome]]>
              </value>
            </param>
          </params>
          <reporter-output>
          </reporter-output>
        </test-method> <!-- setup -->
        <test-method signature="logoTest()[pri:3, instance:com.freecrm.testcases.LoginPageTestTest@59662a0b]" started-at="2022-06-13T23:38:03 EET" name="logoTest" finished-at="2022-06-13T23:38:05 EET" duration-ms="2083" status="PASS">
          <reporter-output>
          </reporter-output>
        </test-method> <!-- logoTest -->
        <test-method is-config="true" signature="tearDown()[pri:0, instance:com.freecrm.testcases.LoginPageTestTest@59662a0b]" started-at="2022-06-13T23:38:05 EET" name="tearDown" finished-at="2022-06-13T23:38:05 EET" duration-ms="137" status="PASS">
          <reporter-output>
          </reporter-output>
        </test-method> <!-- tearDown -->
        <test-method is-config="true" signature="setup(java.lang.String)[pri:0, instance:com.freecrm.testcases.LoginPageTestTest@59662a0b]" started-at="2022-06-13T23:38:05 EET" name="setup" finished-at="2022-06-13T23:38:09 EET" duration-ms="3465" status="PASS">
          <params>
            <param index="0">
              <value>
                <![CDATA[chrome]]>
              </value>
            </param>
          </params>
          <reporter-output>
          </reporter-output>
        </test-method> <!-- setup -->
        <test-method signature="loginTest()[pri:4, instance:com.freecrm.testcases.LoginPageTestTest@59662a0b]" started-at="2022-06-13T23:38:09 EET" name="loginTest" finished-at="2022-06-13T23:38:16 EET" duration-ms="6898" status="PASS">
          <reporter-output>
          </reporter-output>
        </test-method> <!-- loginTest -->
        <test-method is-config="true" signature="tearDown()[pri:0, instance:com.freecrm.testcases.LoginPageTestTest@59662a0b]" started-at="2022-06-13T23:38:16 EET" name="tearDown" finished-at="2022-06-13T23:38:16 EET" duration-ms="158" status="PASS">
          <reporter-output>
          </reporter-output>
        </test-method> <!-- tearDown -->
      </class> <!-- com.freecrm.testcases.LoginPageTestTest -->
      <class name="com.freecrm.testcases.HomePageTest">
        <test-method is-config="true" signature="beforeSetup(java.lang.String)[pri:0, instance:com.freecrm.testcases.HomePageTest@77888435]" started-at="2022-06-13T23:38:16 EET" name="beforeSetup" finished-at="2022-06-13T23:38:21 EET" duration-ms="5301" status="PASS">
          <params>
            <param index="0">
              <value>
                <![CDATA[chrome]]>
              </value>
            </param>
          </params>
          <reporter-output>
          </reporter-output>
        </test-method> <!-- beforeSetup -->
        <test-method signature="clickOnPricingTest()[pri:5, instance:com.freecrm.testcases.HomePageTest@77888435]" started-at="2022-06-13T23:38:21 EET" name="clickOnPricingTest" finished-at="2022-06-13T23:38:26 EET" duration-ms="4753" status="PASS">
          <reporter-output>
          </reporter-output>
        </test-method> <!-- clickOnPricingTest -->
        <test-method is-config="true" signature="AfterSetup()[pri:0, instance:com.freecrm.testcases.HomePageTest@77888435]" started-at="2022-06-13T23:38:26 EET" name="AfterSetup" finished-at="2022-06-13T23:38:26 EET" duration-ms="264" status="PASS">
          <reporter-output>
          </reporter-output>
        </test-method> <!-- AfterSetup -->
        <test-method is-config="true" signature="beforeSetup(java.lang.String)[pri:0, instance:com.freecrm.testcases.HomePageTest@77888435]" started-at="2022-06-13T23:38:26 EET" name="beforeSetup" finished-at="2022-06-13T23:38:31 EET" duration-ms="4581" status="PASS">
          <params>
            <param index="0">
              <value>
                <![CDATA[chrome]]>
              </value>
            </param>
          </params>
          <reporter-output>
          </reporter-output>
        </test-method> <!-- beforeSetup -->
        <test-method signature="clickOnFeaturesTest()[pri:6, instance:com.freecrm.testcases.HomePageTest@77888435]" started-at="2022-06-13T23:38:31 EET" name="clickOnFeaturesTest" finished-at="2022-06-13T23:38:34 EET" duration-ms="3752" status="PASS">
          <reporter-output>
          </reporter-output>
        </test-method> <!-- clickOnFeaturesTest -->
        <test-method is-config="true" signature="AfterSetup()[pri:0, instance:com.freecrm.testcases.HomePageTest@77888435]" started-at="2022-06-13T23:38:34 EET" name="AfterSetup" finished-at="2022-06-13T23:38:35 EET" duration-ms="137" status="PASS">
          <reporter-output>
          </reporter-output>
        </test-method> <!-- AfterSetup -->
      </class> <!-- com.freecrm.testcases.HomePageTest -->
    </test> <!-- End to End Test -->
  </suite> <!-- Free CRM Application Test -->
</testng-results>
