<?xml version="1.0" encoding="UTF-8"?>
<!-- Generated by org.testng.reporters.JUnitXMLReporter -->
<testsuite hostname="IT-CORES-045" failures="0" tests="6" name="End to End Test" time="53.784" errors="0" timestamp="13 Jun 2022 21:22:38 GMT">
  <testcase classname="com.freecrm.testcases.LoginPageTestTest" name="titleTest" time="2.031"/>
  <testcase classname="com.freecrm.testcases.LoginPageTestTest" name="urlCheck" time="2.015"/>
  <testcase classname="com.freecrm.testcases.LoginPageTestTest" name="logoTest" time="2.148"/>
  <testcase classname="com.freecrm.testcases.LoginPageTestTest" name="loginTest" time="7.354"/>
  <testcase classname="com.freecrm.testcases.HomePageTest" name="clickOnPricingTest" time="5.487"/>
  <testcase classname="com.freecrm.testcases.HomePageTest" name="clickOnFeaturesTest" time="4.507"/>
</testsuite> <!-- End to End Test -->
